C:\Users\h p\AppData\Local\Programs\Python\Python310\lib\site-packages\huggingface_hub\file_download.py:143: UserWarning: `huggingface_hub` cache-system uses symlinks by default to efficiently store duplicated files but your machine does not support them in C:\Users\h p\.cache\huggingface\hub\models--sentence-transformers--all-mpnet-base-v2. Caching files will still work but in a degraded version that might require more space on your disk. This warning can be disabled by setting the `HF_HUB_DISABLE_SYMLINKS_WARNING` environment variable. For more details, see https://huggingface.co/docs/huggingface_hub/how-to-cache#limitations.
To support symlinks on Windows, you either need to activate Developer Mode or to run Python as an administrator. In order to activate developer mode, see this article: https://docs.microsoft.com/en-us/windows/apps/get-started/enable-your-device-for-development
  warnings.warn(message)
Traceback (most recent call last):
  File "C:\Users\h p\AppData\Local\Programs\Python\Python310\lib\runpy.py", line 196, in _run_module_as_main
    return _run_code(code, main_globals, None,
  File "C:\Users\h p\AppData\Local\Programs\Python\Python310\lib\runpy.py", line 86, in _run_code
    exec(code, run_globals)
  File "C:\Users\h p\AppData\Local\Programs\Python\Python310\Scripts\uvicorn.exe\__main__.py", line 7, in <module>
    sys.exit(main())
  File "C:\Users\h p\AppData\Local\Programs\Python\Python310\lib\site-packages\click\core.py", line 1485, in __call__
    return self.main(*args, **kwargs)
  File "C:\Users\h p\AppData\Local\Programs\Python\Python310\lib\site-packages\click\core.py", line 1406, in main
    rv = self.invoke(ctx)
  File "C:\Users\h p\AppData\Local\Programs\Python\Python310\lib\site-packages\click\core.py", line 1269, in invoke
    return ctx.invoke(self.callback, **ctx.params)
  File "C:\Users\h p\AppData\Local\Programs\Python\Python310\lib\site-packages\click\core.py", line 824, in invoke
    return callback(*args, **kwargs)
  File "C:\Users\h p\AppData\Local\Programs\Python\Python310\lib\site-packages\uvicorn\main.py", line 441, in main
    run(
  File "C:\Users\h p\AppData\Local\Programs\Python\Python310\lib\site-packages\uvicorn\main.py", line 617, in run
    server.run()
  File "C:\Users\h p\AppData\Local\Programs\Python\Python310\lib\site-packages\uvicorn\server.py", line 75, in run
    return asyncio_run(self.serve(sockets=sockets), loop_factory=self.config.get_loop_factory())
  File "C:\Users\h p\AppData\Local\Programs\Python\Python310\lib\site-packages\uvicorn\_compat.py", line 60, in asyncio_run
    return loop.run_until_complete(main)
  File "C:\Users\h p\AppData\Local\Programs\Python\Python310\lib\asyncio\base_events.py", line 641, in run_until_complete
    return future.result()
  File "C:\Users\h p\AppData\Local\Programs\Python\Python310\lib\site-packages\uvicorn\server.py", line 79, in serve
    await self._serve(sockets)
  File "C:\Users\h p\AppData\Local\Programs\Python\Python310\lib\site-packages\uvicorn\server.py", line 86, in _serve
    config.load()
  File "C:\Users\h p\AppData\Local\Programs\Python\Python310\lib\site-packages\uvicorn\config.py", line 449, in load
    self.loaded_app = import_from_string(self.app)
  File "C:\Users\h p\AppData\Local\Programs\Python\Python310\lib\site-packages\uvicorn\importer.py", line 22, in import_from_string
    raise exc from None
  File "C:\Users\h p\AppData\Local\Programs\Python\Python310\lib\site-packages\uvicorn\importer.py", line 19, in import_from_string
    module = importlib.import_module(module_str)
  File "C:\Users\h p\AppData\Local\Programs\Python\Python310\lib\importlib\__init__.py", line 126, in import_module
    return _bootstrap._gcd_import(name[level:], package, level)
  File "<frozen importlib._bootstrap>", line 1050, in _gcd_import
  File "<frozen importlib._bootstrap>", line 1027, in _find_and_load
  File "<frozen importlib._bootstrap>", line 1006, in _find_and_load_unlocked
  File "<frozen importlib._bootstrap>", line 688, in _load_unlocked
  File "<frozen importlib._bootstrap_external>", line 883, in exec_module
  File "<frozen importlib._bootstrap>", line 241, in _call_with_frames_removed
  File "C:\Users\h p\Downloads\intern'\AI-Skill-Mentor-Job-Seekers\AI-Microservices\course_recommendation_service\main.py", line 9, in <module>
    from routes.run import router as run_router
  File "C:\Users\h p\Downloads\intern'\AI-Skill-Mentor-Job-Seekers\AI-Microservices\course_recommendation_service\routes\run.py", line 13, in <module>
    recommender = CourseRecommender()
  File "C:\Users\h p\Downloads\intern'\AI-Skill-Mentor-Job-Seekers\AI-Microservices\course_recommendation_service\core\course_recommender.py", line 34, in __init__
    self.courses_metadata = self._load_metadata("courses.pkl")
  File "C:\Users\h p\Downloads\intern'\AI-Skill-Mentor-Job-Seekers\AI-Microservices\course_recommendation_service\core\course_recommender.py", line 52, in _load_metadata
    return pd.read_pickle(path)
  File "C:\Users\h p\AppData\Local\Programs\Python\Python310\lib\site-packages\pandas\io\pickle.py", line 207, in read_pickle
    return pc.load(handles.handle, encoding=None)
  File "C:\Users\h p\AppData\Local\Programs\Python\Python310\lib\site-packages\pandas\compat\pickle_compat.py", line 231, in load
    return up.load()
  File "C:\Users\h p\AppData\Local\Programs\Python\Python310\lib\pickle.py", line 1213, in load
    dispatch[key[0]](self)
  File "C:\Users\h p\AppData\Local\Programs\Python\Python310\lib\pickle.py", line 1538, in load_stack_global
    self.append(self.find_class(module, name))
  File "C:\Users\h p\AppData\Local\Programs\Python\Python310\lib\site-packages\pandas\compat\pickle_compat.py", line 162, in find_class
    return super().find_class(module, name)
  File "C:\Users\h p\AppData\Local\Programs\Python\Python310\lib\pickle.py", line 1580, in find_class
    __import__(module, level=0)
ModuleNotFoundError: No module named 'numpy._core.numeric'
